<?xml version="1.0" encoding="UTF-8"?>
<testsuite xmlns:xsi="http://www.w3.org/2001/XMLSchema-instance" xsi:noNamespaceSchemaLocation="https://maven.apache.org/surefire/maven-surefire-plugin/xsd/surefire-test-report.xsd" name="SGR.com.sgr.ApplicationTests" time="8.665" tests="24" errors="0" skipped="0" failures="0">
  <properties>
    <property name="sun.desktop" value="gnome"/>
    <property name="awt.toolkit" value="sun.awt.X11.XToolkit"/>
    <property name="java.specification.version" value="11"/>
    <property name="sun.cpu.isalist" value=""/>
    <property name="sun.jnu.encoding" value="UTF-8"/>
    <property name="java.class.path" value="/S22/SGRSOFT_backend/com.sgr/target/test-classes:/S22/SGRSOFT_backend/com.sgr/target/classes:/home/christopher/.m2/repository/org/springframework/boot/spring-boot-starter-web/2.7.3/spring-boot-starter-web-2.7.3.jar:/home/christopher/.m2/repository/org/springframework/boot/spring-boot-starter/2.7.3/spring-boot-starter-2.7.3.jar:/home/christopher/.m2/repository/org/springframework/boot/spring-boot/2.7.3/spring-boot-2.7.3.jar:/home/christopher/.m2/repository/org/springframework/boot/spring-boot-autoconfigure/2.7.3/spring-boot-autoconfigure-2.7.3.jar:/home/christopher/.m2/repository/org/springframework/boot/spring-boot-starter-logging/2.7.3/spring-boot-starter-logging-2.7.3.jar:/home/christopher/.m2/repository/ch/qos/logback/logback-classic/1.2.11/logback-classic-1.2.11.jar:/home/christopher/.m2/repository/ch/qos/logback/logback-core/1.2.11/logback-core-1.2.11.jar:/home/christopher/.m2/repository/org/apache/logging/log4j/log4j-to-slf4j/2.17.2/log4j-to-slf4j-2.17.2.jar:/home/christopher/.m2/repository/org/slf4j/jul-to-slf4j/1.7.36/jul-to-slf4j-1.7.36.jar:/home/christopher/.m2/repository/jakarta/annotation/jakarta.annotation-api/1.3.5/jakarta.annotation-api-1.3.5.jar:/home/christopher/.m2/repository/org/yaml/snakeyaml/1.30/snakeyaml-1.30.jar:/home/christopher/.m2/repository/org/springframework/boot/spring-boot-starter-json/2.7.3/spring-boot-starter-json-2.7.3.jar:/home/christopher/.m2/repository/com/fasterxml/jackson/core/jackson-databind/2.13.3/jackson-databind-2.13.3.jar:/home/christopher/.m2/repository/com/fasterxml/jackson/core/jackson-annotations/2.13.3/jackson-annotations-2.13.3.jar:/home/christopher/.m2/repository/com/fasterxml/jackson/datatype/jackson-datatype-jdk8/2.13.3/jackson-datatype-jdk8-2.13.3.jar:/home/christopher/.m2/repository/com/fasterxml/jackson/datatype/jackson-datatype-jsr310/2.13.3/jackson-datatype-jsr310-2.13.3.jar:/home/christopher/.m2/repository/com/fasterxml/jackson/module/jackson-module-parameter-names/2.13.3/jackson-module-parameter-names-2.13.3.jar:/home/christopher/.m2/repository/org/springframework/boot/spring-boot-starter-tomcat/2.7.3/spring-boot-starter-tomcat-2.7.3.jar:/home/christopher/.m2/repository/org/apache/tomcat/embed/tomcat-embed-core/9.0.65/tomcat-embed-core-9.0.65.jar:/home/christopher/.m2/repository/org/apache/tomcat/embed/tomcat-embed-el/9.0.65/tomcat-embed-el-9.0.65.jar:/home/christopher/.m2/repository/org/apache/tomcat/embed/tomcat-embed-websocket/9.0.65/tomcat-embed-websocket-9.0.65.jar:/home/christopher/.m2/repository/org/springframework/spring-webmvc/5.3.22/spring-webmvc-5.3.22.jar:/home/christopher/.m2/repository/org/springframework/spring-context/5.3.22/spring-context-5.3.22.jar:/home/christopher/.m2/repository/org/springframework/spring-expression/5.3.22/spring-expression-5.3.22.jar:/home/christopher/.m2/repository/org/apache/logging/log4j/log4j-core/2.17.2/log4j-core-2.17.2.jar:/home/christopher/.m2/repository/org/apache/logging/log4j/log4j-api/2.17.2/log4j-api-2.17.2.jar:/home/christopher/.m2/repository/com/google/guava/failureaccess/1.0.1/failureaccess-1.0.1.jar:/home/christopher/.m2/repository/org/springframework/boot/spring-boot-starter-web-services/2.7.3/spring-boot-starter-web-services-2.7.3.jar:/home/christopher/.m2/repository/com/sun/xml/messaging/saaj/saaj-impl/1.5.3/saaj-impl-1.5.3.jar:/home/christopher/.m2/repository/jakarta/xml/soap/jakarta.xml.soap-api/1.4.2/jakarta.xml.soap-api-1.4.2.jar:/home/christopher/.m2/repository/org/jvnet/staxex/stax-ex/1.8.3/stax-ex-1.8.3.jar:/home/christopher/.m2/repository/com/sun/activation/jakarta.activation/1.2.2/jakarta.activation-1.2.2.jar:/home/christopher/.m2/repository/jakarta/xml/ws/jakarta.xml.ws-api/2.3.3/jakarta.xml.ws-api-2.3.3.jar:/home/christopher/.m2/repository/jakarta/jws/jakarta.jws-api/2.1.0/jakarta.jws-api-2.1.0.jar:/home/christopher/.m2/repository/org/springframework/spring-oxm/5.3.22/spring-oxm-5.3.22.jar:/home/christopher/.m2/repository/org/springframework/ws/spring-ws-core/3.1.3/spring-ws-core-3.1.3.jar:/home/christopher/.m2/repository/org/springframework/ws/spring-xml/3.1.3/spring-xml-3.1.3.jar:/home/christopher/.m2/repository/org/springframework/boot/spring-boot-starter-test/2.7.3/spring-boot-starter-test-2.7.3.jar:/home/christopher/.m2/repository/org/springframework/boot/spring-boot-test/2.7.3/spring-boot-test-2.7.3.jar:/home/christopher/.m2/repository/org/springframework/boot/spring-boot-test-autoconfigure/2.7.3/spring-boot-test-autoconfigure-2.7.3.jar:/home/christopher/.m2/repository/com/jayway/jsonpath/json-path/2.7.0/json-path-2.7.0.jar:/home/christopher/.m2/repository/net/minidev/json-smart/2.4.8/json-smart-2.4.8.jar:/home/christopher/.m2/repository/net/minidev/accessors-smart/2.4.8/accessors-smart-2.4.8.jar:/home/christopher/.m2/repository/org/ow2/asm/asm/9.1/asm-9.1.jar:/home/christopher/.m2/repository/org/slf4j/slf4j-api/1.7.36/slf4j-api-1.7.36.jar:/home/christopher/.m2/repository/jakarta/xml/bind/jakarta.xml.bind-api/2.3.3/jakarta.xml.bind-api-2.3.3.jar:/home/christopher/.m2/repository/jakarta/activation/jakarta.activation-api/1.2.2/jakarta.activation-api-1.2.2.jar:/home/christopher/.m2/repository/org/assertj/assertj-core/3.22.0/assertj-core-3.22.0.jar:/home/christopher/.m2/repository/org/hamcrest/hamcrest/2.2/hamcrest-2.2.jar:/home/christopher/.m2/repository/org/junit/jupiter/junit-jupiter/5.8.2/junit-jupiter-5.8.2.jar:/home/christopher/.m2/repository/org/junit/jupiter/junit-jupiter-api/5.8.2/junit-jupiter-api-5.8.2.jar:/home/christopher/.m2/repository/org/opentest4j/opentest4j/1.2.0/opentest4j-1.2.0.jar:/home/christopher/.m2/repository/org/junit/platform/junit-platform-commons/1.8.2/junit-platform-commons-1.8.2.jar:/home/christopher/.m2/repository/org/apiguardian/apiguardian-api/1.1.2/apiguardian-api-1.1.2.jar:/home/christopher/.m2/repository/org/junit/jupiter/junit-jupiter-params/5.8.2/junit-jupiter-params-5.8.2.jar:/home/christopher/.m2/repository/org/junit/jupiter/junit-jupiter-engine/5.8.2/junit-jupiter-engine-5.8.2.jar:/home/christopher/.m2/repository/org/junit/platform/junit-platform-engine/1.8.2/junit-platform-engine-1.8.2.jar:/home/christopher/.m2/repository/org/mockito/mockito-core/4.5.1/mockito-core-4.5.1.jar:/home/christopher/.m2/repository/net/bytebuddy/byte-buddy/1.12.13/byte-buddy-1.12.13.jar:/home/christopher/.m2/repository/net/bytebuddy/byte-buddy-agent/1.12.13/byte-buddy-agent-1.12.13.jar:/home/christopher/.m2/repository/org/objenesis/objenesis/3.2/objenesis-3.2.jar:/home/christopher/.m2/repository/org/mockito/mockito-junit-jupiter/4.5.1/mockito-junit-jupiter-4.5.1.jar:/home/christopher/.m2/repository/org/skyscreamer/jsonassert/1.5.1/jsonassert-1.5.1.jar:/home/christopher/.m2/repository/com/vaadin/external/google/android-json/0.0.20131108.vaadin1/android-json-0.0.20131108.vaadin1.jar:/home/christopher/.m2/repository/org/springframework/spring-core/5.3.22/spring-core-5.3.22.jar:/home/christopher/.m2/repository/org/springframework/spring-jcl/5.3.22/spring-jcl-5.3.22.jar:/home/christopher/.m2/repository/org/springframework/spring-test/5.3.22/spring-test-5.3.22.jar:/home/christopher/.m2/repository/org/xmlunit/xmlunit-core/2.9.0/xmlunit-core-2.9.0.jar:/home/christopher/.m2/repository/org/projectlombok/lombok/1.18.24/lombok-1.18.24.jar:/home/christopher/.m2/repository/org/springframework/boot/spring-boot-starter-data-mongodb/2.7.3/spring-boot-starter-data-mongodb-2.7.3.jar:/home/christopher/.m2/repository/org/mongodb/mongodb-driver-sync/4.6.1/mongodb-driver-sync-4.6.1.jar:/home/christopher/.m2/repository/org/mongodb/bson/4.6.1/bson-4.6.1.jar:/home/christopher/.m2/repository/org/mongodb/mongodb-driver-core/4.6.1/mongodb-driver-core-4.6.1.jar:/home/christopher/.m2/repository/org/mongodb/bson-record-codec/4.6.1/bson-record-codec-4.6.1.jar:/home/christopher/.m2/repository/org/springframework/data/spring-data-mongodb/3.4.2/spring-data-mongodb-3.4.2.jar:/home/christopher/.m2/repository/org/springframework/spring-tx/5.3.22/spring-tx-5.3.22.jar:/home/christopher/.m2/repository/org/springframework/data/spring-data-commons/2.7.2/spring-data-commons-2.7.2.jar:/home/christopher/.m2/repository/com/google/code/gson/gson/2.9.1/gson-2.9.1.jar:/home/christopher/.m2/repository/org/springframework/spring-web/5.3.22/spring-web-5.3.22.jar:/home/christopher/.m2/repository/org/springframework/spring-beans/5.3.22/spring-beans-5.3.22.jar:/home/christopher/.m2/repository/junit/junit/4.13.2/junit-4.13.2.jar:/home/christopher/.m2/repository/org/hamcrest/hamcrest-core/2.2/hamcrest-core-2.2.jar:/home/christopher/.m2/repository/io/springfox/springfox-swagger-ui/3.0.0/springfox-swagger-ui-3.0.0.jar:/home/christopher/.m2/repository/io/springfox/springfox-spring-webmvc/3.0.0/springfox-spring-webmvc-3.0.0.jar:/home/christopher/.m2/repository/io/springfox/springfox-spi/3.0.0/springfox-spi-3.0.0.jar:/home/christopher/.m2/repository/io/springfox/springfox-schema/3.0.0/springfox-schema-3.0.0.jar:/home/christopher/.m2/repository/io/springfox/springfox-core/3.0.0/springfox-core-3.0.0.jar:/home/christopher/.m2/repository/io/springfox/springfox-spring-web/3.0.0/springfox-spring-web-3.0.0.jar:/home/christopher/.m2/repository/com/fasterxml/classmate/1.5.1/classmate-1.5.1.jar:/home/christopher/.m2/repository/org/springframework/plugin/spring-plugin-core/2.0.0.RELEASE/spring-plugin-core-2.0.0.RELEASE.jar:/home/christopher/.m2/repository/org/springframework/plugin/spring-plugin-metadata/2.0.0.RELEASE/spring-plugin-metadata-2.0.0.RELEASE.jar:/home/christopher/.m2/repository/org/springdoc/springdoc-openapi-ui/1.6.11/springdoc-openapi-ui-1.6.11.jar:/home/christopher/.m2/repository/org/springdoc/springdoc-openapi-webmvc-core/1.6.11/springdoc-openapi-webmvc-core-1.6.11.jar:/home/christopher/.m2/repository/org/springdoc/springdoc-openapi-common/1.6.11/springdoc-openapi-common-1.6.11.jar:/home/christopher/.m2/repository/io/swagger/core/v3/swagger-core/2.2.2/swagger-core-2.2.2.jar:/home/christopher/.m2/repository/org/apache/commons/commons-lang3/3.12.0/commons-lang3-3.12.0.jar:/home/christopher/.m2/repository/com/fasterxml/jackson/dataformat/jackson-dataformat-yaml/2.13.3/jackson-dataformat-yaml-2.13.3.jar:/home/christopher/.m2/repository/io/swagger/core/v3/swagger-annotations/2.2.2/swagger-annotations-2.2.2.jar:/home/christopher/.m2/repository/io/swagger/core/v3/swagger-models/2.2.2/swagger-models-2.2.2.jar:/home/christopher/.m2/repository/jakarta/validation/jakarta.validation-api/2.0.2/jakarta.validation-api-2.0.2.jar:/home/christopher/.m2/repository/org/webjars/swagger-ui/4.14.0/swagger-ui-4.14.0.jar:/home/christopher/.m2/repository/org/webjars/webjars-locator-core/0.50/webjars-locator-core-0.50.jar:/home/christopher/.m2/repository/com/fasterxml/jackson/core/jackson-core/2.13.3/jackson-core-2.13.3.jar:/home/christopher/.m2/repository/io/github/classgraph/classgraph/4.8.149/classgraph-4.8.149.jar:/home/christopher/.m2/repository/org/springframework/boot/spring-boot-starter-security/2.7.3/spring-boot-starter-security-2.7.3.jar:/home/christopher/.m2/repository/org/springframework/spring-aop/5.3.22/spring-aop-5.3.22.jar:/home/christopher/.m2/repository/org/springframework/security/spring-security-config/5.7.3/spring-security-config-5.7.3.jar:/home/christopher/.m2/repository/org/springframework/security/spring-security-core/5.7.3/spring-security-core-5.7.3.jar:/home/christopher/.m2/repository/org/springframework/security/spring-security-crypto/5.7.3/spring-security-crypto-5.7.3.jar:/home/christopher/.m2/repository/org/springframework/security/spring-security-web/5.7.3/spring-security-web-5.7.3.jar:"/>
    <property name="java.vm.vendor" value="Ubuntu"/>
    <property name="sun.arch.data.model" value="64"/>
    <property name="java.vendor.url" value="https://ubuntu.com/"/>
    <property name="user.timezone" value=""/>
    <property name="java.vm.specification.version" value="11"/>
    <property name="os.name" value="Linux"/>
    <property name="sun.java.launcher" value="SUN_STANDARD"/>
    <property name="user.country" value="UY"/>
    <property name="sun.boot.library.path" value="/usr/lib/jvm/java-11-openjdk-amd64/lib"/>
    <property name="sun.java.command" value="/S22/SGRSOFT_backend/com.sgr/target/surefire/surefirebooter11896629032816261231.jar /S22/SGRSOFT_backend/com.sgr/target/surefire 2022-10-08T18-20-58_372-jvmRun1 surefire7747043645628810130tmp surefire_011396681958277387305tmp"/>
    <property name="jdk.debug" value="release"/>
    <property name="surefire.test.class.path" value="/S22/SGRSOFT_backend/com.sgr/target/test-classes:/S22/SGRSOFT_backend/com.sgr/target/classes:/home/christopher/.m2/repository/org/springframework/boot/spring-boot-starter-web/2.7.3/spring-boot-starter-web-2.7.3.jar:/home/christopher/.m2/repository/org/springframework/boot/spring-boot-starter/2.7.3/spring-boot-starter-2.7.3.jar:/home/christopher/.m2/repository/org/springframework/boot/spring-boot/2.7.3/spring-boot-2.7.3.jar:/home/christopher/.m2/repository/org/springframework/boot/spring-boot-autoconfigure/2.7.3/spring-boot-autoconfigure-2.7.3.jar:/home/christopher/.m2/repository/org/springframework/boot/spring-boot-starter-logging/2.7.3/spring-boot-starter-logging-2.7.3.jar:/home/christopher/.m2/repository/ch/qos/logback/logback-classic/1.2.11/logback-classic-1.2.11.jar:/home/christopher/.m2/repository/ch/qos/logback/logback-core/1.2.11/logback-core-1.2.11.jar:/home/christopher/.m2/repository/org/apache/logging/log4j/log4j-to-slf4j/2.17.2/log4j-to-slf4j-2.17.2.jar:/home/christopher/.m2/repository/org/slf4j/jul-to-slf4j/1.7.36/jul-to-slf4j-1.7.36.jar:/home/christopher/.m2/repository/jakarta/annotation/jakarta.annotation-api/1.3.5/jakarta.annotation-api-1.3.5.jar:/home/christopher/.m2/repository/org/yaml/snakeyaml/1.30/snakeyaml-1.30.jar:/home/christopher/.m2/repository/org/springframework/boot/spring-boot-starter-json/2.7.3/spring-boot-starter-json-2.7.3.jar:/home/christopher/.m2/repository/com/fasterxml/jackson/core/jackson-databind/2.13.3/jackson-databind-2.13.3.jar:/home/christopher/.m2/repository/com/fasterxml/jackson/core/jackson-annotations/2.13.3/jackson-annotations-2.13.3.jar:/home/christopher/.m2/repository/com/fasterxml/jackson/datatype/jackson-datatype-jdk8/2.13.3/jackson-datatype-jdk8-2.13.3.jar:/home/christopher/.m2/repository/com/fasterxml/jackson/datatype/jackson-datatype-jsr310/2.13.3/jackson-datatype-jsr310-2.13.3.jar:/home/christopher/.m2/repository/com/fasterxml/jackson/module/jackson-module-parameter-names/2.13.3/jackson-module-parameter-names-2.13.3.jar:/home/christopher/.m2/repository/org/springframework/boot/spring-boot-starter-tomcat/2.7.3/spring-boot-starter-tomcat-2.7.3.jar:/home/christopher/.m2/repository/org/apache/tomcat/embed/tomcat-embed-core/9.0.65/tomcat-embed-core-9.0.65.jar:/home/christopher/.m2/repository/org/apache/tomcat/embed/tomcat-embed-el/9.0.65/tomcat-embed-el-9.0.65.jar:/home/christopher/.m2/repository/org/apache/tomcat/embed/tomcat-embed-websocket/9.0.65/tomcat-embed-websocket-9.0.65.jar:/home/christopher/.m2/repository/org/springframework/spring-webmvc/5.3.22/spring-webmvc-5.3.22.jar:/home/christopher/.m2/repository/org/springframework/spring-context/5.3.22/spring-context-5.3.22.jar:/home/christopher/.m2/repository/org/springframework/spring-expression/5.3.22/spring-expression-5.3.22.jar:/home/christopher/.m2/repository/org/apache/logging/log4j/log4j-core/2.17.2/log4j-core-2.17.2.jar:/home/christopher/.m2/repository/org/apache/logging/log4j/log4j-api/2.17.2/log4j-api-2.17.2.jar:/home/christopher/.m2/repository/com/google/guava/failureaccess/1.0.1/failureaccess-1.0.1.jar:/home/christopher/.m2/repository/org/springframework/boot/spring-boot-starter-web-services/2.7.3/spring-boot-starter-web-services-2.7.3.jar:/home/christopher/.m2/repository/com/sun/xml/messaging/saaj/saaj-impl/1.5.3/saaj-impl-1.5.3.jar:/home/christopher/.m2/repository/jakarta/xml/soap/jakarta.xml.soap-api/1.4.2/jakarta.xml.soap-api-1.4.2.jar:/home/christopher/.m2/repository/org/jvnet/staxex/stax-ex/1.8.3/stax-ex-1.8.3.jar:/home/christopher/.m2/repository/com/sun/activation/jakarta.activation/1.2.2/jakarta.activation-1.2.2.jar:/home/christopher/.m2/repository/jakarta/xml/ws/jakarta.xml.ws-api/2.3.3/jakarta.xml.ws-api-2.3.3.jar:/home/christopher/.m2/repository/jakarta/jws/jakarta.jws-api/2.1.0/jakarta.jws-api-2.1.0.jar:/home/christopher/.m2/repository/org/springframework/spring-oxm/5.3.22/spring-oxm-5.3.22.jar:/home/christopher/.m2/repository/org/springframework/ws/spring-ws-core/3.1.3/spring-ws-core-3.1.3.jar:/home/christopher/.m2/repository/org/springframework/ws/spring-xml/3.1.3/spring-xml-3.1.3.jar:/home/christopher/.m2/repository/org/springframework/boot/spring-boot-starter-test/2.7.3/spring-boot-starter-test-2.7.3.jar:/home/christopher/.m2/repository/org/springframework/boot/spring-boot-test/2.7.3/spring-boot-test-2.7.3.jar:/home/christopher/.m2/repository/org/springframework/boot/spring-boot-test-autoconfigure/2.7.3/spring-boot-test-autoconfigure-2.7.3.jar:/home/christopher/.m2/repository/com/jayway/jsonpath/json-path/2.7.0/json-path-2.7.0.jar:/home/christopher/.m2/repository/net/minidev/json-smart/2.4.8/json-smart-2.4.8.jar:/home/christopher/.m2/repository/net/minidev/accessors-smart/2.4.8/accessors-smart-2.4.8.jar:/home/christopher/.m2/repository/org/ow2/asm/asm/9.1/asm-9.1.jar:/home/christopher/.m2/repository/org/slf4j/slf4j-api/1.7.36/slf4j-api-1.7.36.jar:/home/christopher/.m2/repository/jakarta/xml/bind/jakarta.xml.bind-api/2.3.3/jakarta.xml.bind-api-2.3.3.jar:/home/christopher/.m2/repository/jakarta/activation/jakarta.activation-api/1.2.2/jakarta.activation-api-1.2.2.jar:/home/christopher/.m2/repository/org/assertj/assertj-core/3.22.0/assertj-core-3.22.0.jar:/home/christopher/.m2/repository/org/hamcrest/hamcrest/2.2/hamcrest-2.2.jar:/home/christopher/.m2/repository/org/junit/jupiter/junit-jupiter/5.8.2/junit-jupiter-5.8.2.jar:/home/christopher/.m2/repository/org/junit/jupiter/junit-jupiter-api/5.8.2/junit-jupiter-api-5.8.2.jar:/home/christopher/.m2/repository/org/opentest4j/opentest4j/1.2.0/opentest4j-1.2.0.jar:/home/christopher/.m2/repository/org/junit/platform/junit-platform-commons/1.8.2/junit-platform-commons-1.8.2.jar:/home/christopher/.m2/repository/org/apiguardian/apiguardian-api/1.1.2/apiguardian-api-1.1.2.jar:/home/christopher/.m2/repository/org/junit/jupiter/junit-jupiter-params/5.8.2/junit-jupiter-params-5.8.2.jar:/home/christopher/.m2/repository/org/junit/jupiter/junit-jupiter-engine/5.8.2/junit-jupiter-engine-5.8.2.jar:/home/christopher/.m2/repository/org/junit/platform/junit-platform-engine/1.8.2/junit-platform-engine-1.8.2.jar:/home/christopher/.m2/repository/org/mockito/mockito-core/4.5.1/mockito-core-4.5.1.jar:/home/christopher/.m2/repository/net/bytebuddy/byte-buddy/1.12.13/byte-buddy-1.12.13.jar:/home/christopher/.m2/repository/net/bytebuddy/byte-buddy-agent/1.12.13/byte-buddy-agent-1.12.13.jar:/home/christopher/.m2/repository/org/objenesis/objenesis/3.2/objenesis-3.2.jar:/home/christopher/.m2/repository/org/mockito/mockito-junit-jupiter/4.5.1/mockito-junit-jupiter-4.5.1.jar:/home/christopher/.m2/repository/org/skyscreamer/jsonassert/1.5.1/jsonassert-1.5.1.jar:/home/christopher/.m2/repository/com/vaadin/external/google/android-json/0.0.20131108.vaadin1/android-json-0.0.20131108.vaadin1.jar:/home/christopher/.m2/repository/org/springframework/spring-core/5.3.22/spring-core-5.3.22.jar:/home/christopher/.m2/repository/org/springframework/spring-jcl/5.3.22/spring-jcl-5.3.22.jar:/home/christopher/.m2/repository/org/springframework/spring-test/5.3.22/spring-test-5.3.22.jar:/home/christopher/.m2/repository/org/xmlunit/xmlunit-core/2.9.0/xmlunit-core-2.9.0.jar:/home/christopher/.m2/repository/org/projectlombok/lombok/1.18.24/lombok-1.18.24.jar:/home/christopher/.m2/repository/org/springframework/boot/spring-boot-starter-data-mongodb/2.7.3/spring-boot-starter-data-mongodb-2.7.3.jar:/home/christopher/.m2/repository/org/mongodb/mongodb-driver-sync/4.6.1/mongodb-driver-sync-4.6.1.jar:/home/christopher/.m2/repository/org/mongodb/bson/4.6.1/bson-4.6.1.jar:/home/christopher/.m2/repository/org/mongodb/mongodb-driver-core/4.6.1/mongodb-driver-core-4.6.1.jar:/home/christopher/.m2/repository/org/mongodb/bson-record-codec/4.6.1/bson-record-codec-4.6.1.jar:/home/christopher/.m2/repository/org/springframework/data/spring-data-mongodb/3.4.2/spring-data-mongodb-3.4.2.jar:/home/christopher/.m2/repository/org/springframework/spring-tx/5.3.22/spring-tx-5.3.22.jar:/home/christopher/.m2/repository/org/springframework/data/spring-data-commons/2.7.2/spring-data-commons-2.7.2.jar:/home/christopher/.m2/repository/com/google/code/gson/gson/2.9.1/gson-2.9.1.jar:/home/christopher/.m2/repository/org/springframework/spring-web/5.3.22/spring-web-5.3.22.jar:/home/christopher/.m2/repository/org/springframework/spring-beans/5.3.22/spring-beans-5.3.22.jar:/home/christopher/.m2/repository/junit/junit/4.13.2/junit-4.13.2.jar:/home/christopher/.m2/repository/org/hamcrest/hamcrest-core/2.2/hamcrest-core-2.2.jar:/home/christopher/.m2/repository/io/springfox/springfox-swagger-ui/3.0.0/springfox-swagger-ui-3.0.0.jar:/home/christopher/.m2/repository/io/springfox/springfox-spring-webmvc/3.0.0/springfox-spring-webmvc-3.0.0.jar:/home/christopher/.m2/repository/io/springfox/springfox-spi/3.0.0/springfox-spi-3.0.0.jar:/home/christopher/.m2/repository/io/springfox/springfox-schema/3.0.0/springfox-schema-3.0.0.jar:/home/christopher/.m2/repository/io/springfox/springfox-core/3.0.0/springfox-core-3.0.0.jar:/home/christopher/.m2/repository/io/springfox/springfox-spring-web/3.0.0/springfox-spring-web-3.0.0.jar:/home/christopher/.m2/repository/com/fasterxml/classmate/1.5.1/classmate-1.5.1.jar:/home/christopher/.m2/repository/org/springframework/plugin/spring-plugin-core/2.0.0.RELEASE/spring-plugin-core-2.0.0.RELEASE.jar:/home/christopher/.m2/repository/org/springframework/plugin/spring-plugin-metadata/2.0.0.RELEASE/spring-plugin-metadata-2.0.0.RELEASE.jar:/home/christopher/.m2/repository/org/springdoc/springdoc-openapi-ui/1.6.11/springdoc-openapi-ui-1.6.11.jar:/home/christopher/.m2/repository/org/springdoc/springdoc-openapi-webmvc-core/1.6.11/springdoc-openapi-webmvc-core-1.6.11.jar:/home/christopher/.m2/repository/org/springdoc/springdoc-openapi-common/1.6.11/springdoc-openapi-common-1.6.11.jar:/home/christopher/.m2/repository/io/swagger/core/v3/swagger-core/2.2.2/swagger-core-2.2.2.jar:/home/christopher/.m2/repository/org/apache/commons/commons-lang3/3.12.0/commons-lang3-3.12.0.jar:/home/christopher/.m2/repository/com/fasterxml/jackson/dataformat/jackson-dataformat-yaml/2.13.3/jackson-dataformat-yaml-2.13.3.jar:/home/christopher/.m2/repository/io/swagger/core/v3/swagger-annotations/2.2.2/swagger-annotations-2.2.2.jar:/home/christopher/.m2/repository/io/swagger/core/v3/swagger-models/2.2.2/swagger-models-2.2.2.jar:/home/christopher/.m2/repository/jakarta/validation/jakarta.validation-api/2.0.2/jakarta.validation-api-2.0.2.jar:/home/christopher/.m2/repository/org/webjars/swagger-ui/4.14.0/swagger-ui-4.14.0.jar:/home/christopher/.m2/repository/org/webjars/webjars-locator-core/0.50/webjars-locator-core-0.50.jar:/home/christopher/.m2/repository/com/fasterxml/jackson/core/jackson-core/2.13.3/jackson-core-2.13.3.jar:/home/christopher/.m2/repository/io/github/classgraph/classgraph/4.8.149/classgraph-4.8.149.jar:/home/christopher/.m2/repository/org/springframework/boot/spring-boot-starter-security/2.7.3/spring-boot-starter-security-2.7.3.jar:/home/christopher/.m2/repository/org/springframework/spring-aop/5.3.22/spring-aop-5.3.22.jar:/home/christopher/.m2/repository/org/springframework/security/spring-security-config/5.7.3/spring-security-config-5.7.3.jar:/home/christopher/.m2/repository/org/springframework/security/spring-security-core/5.7.3/spring-security-core-5.7.3.jar:/home/christopher/.m2/repository/org/springframework/security/spring-security-crypto/5.7.3/spring-security-crypto-5.7.3.jar:/home/christopher/.m2/repository/org/springframework/security/spring-security-web/5.7.3/spring-security-web-5.7.3.jar:"/>
    <property name="sun.cpu.endian" value="little"/>
    <property name="user.home" value="/home/christopher"/>
    <property name="user.language" value="es"/>
    <property name="java.specification.vendor" value="Oracle Corporation"/>
    <property name="java.version.date" value="2022-07-19"/>
    <property name="java.home" value="/usr/lib/jvm/java-11-openjdk-amd64"/>
    <property name="file.separator" value="/"/>
    <property name="basedir" value="/S22/SGRSOFT_backend/com.sgr"/>
    <property name="java.vm.compressedOopsMode" value="Zero based"/>
    <property name="line.separator" value="&#10;"/>
    <property name="java.specification.name" value="Java Platform API Specification"/>
    <property name="java.vm.specification.vendor" value="Oracle Corporation"/>
    <property name="java.awt.graphicsenv" value="sun.awt.X11GraphicsEnvironment"/>
    <property name="surefire.real.class.path" value="/S22/SGRSOFT_backend/com.sgr/target/surefire/surefirebooter11896629032816261231.jar"/>
    <property name="sun.management.compiler" value="HotSpot 64-Bit Tiered Compilers"/>
    <property name="java.runtime.version" value="11.0.16+8-post-Ubuntu-0ubuntu122.04"/>
    <property name="user.name" value="christopher"/>
    <property name="path.separator" value=":"/>
    <property name="os.version" value="5.15.0-50-generic"/>
    <property name="java.runtime.name" value="OpenJDK Runtime Environment"/>
    <property name="file.encoding" value="UTF-8"/>
    <property name="java.vm.name" value="OpenJDK 64-Bit Server VM"/>
    <property name="localRepository" value="/home/christopher/.m2/repository"/>
    <property name="java.vendor.url.bug" value="https://bugs.launchpad.net/ubuntu/+source/openjdk-lts"/>
    <property name="java.io.tmpdir" value="/tmp"/>
    <property name="java.version" value="11.0.16"/>
    <property name="user.dir" value="/S22/SGRSOFT_backend/com.sgr"/>
    <property name="os.arch" value="amd64"/>
    <property name="java.vm.specification.name" value="Java Virtual Machine Specification"/>
    <property name="java.awt.printerjob" value="sun.print.PSPrinterJob"/>
    <property name="sun.os.patch.level" value="unknown"/>
    <property name="java.library.path" value="/usr/java/packages/lib:/usr/lib/x86_64-linux-gnu/jni:/lib/x86_64-linux-gnu:/usr/lib/x86_64-linux-gnu:/usr/lib/jni:/lib:/usr/lib"/>
    <property name="java.vm.info" value="mixed mode, sharing"/>
    <property name="java.vendor" value="Ubuntu"/>
    <property name="java.vm.version" value="11.0.16+8-post-Ubuntu-0ubuntu122.04"/>
    <property name="sun.io.unicode.encoding" value="UnicodeLittle"/>
    <property name="java.class.version" value="55.0"/>
  </properties>
  <testcase name="crearPersonaTest" classname="SGR.com.sgr.ApplicationTests" time="0.917"/>
  <testcase name="obtenerPersonaTest" classname="SGR.com.sgr.ApplicationTests" time="0.064"/>
  <testcase name="actualizarPersonaTest" classname="SGR.com.sgr.ApplicationTests" time="0.03"/>
  <testcase name="eliminarPersonaTest" classname="SGR.com.sgr.ApplicationTests" time="0.036"/>
  <testcase name="crearPDRTest" classname="SGR.com.sgr.ApplicationTests" time="0.026"/>
  <testcase name="obtenerPDRTest" classname="SGR.com.sgr.ApplicationTests" time="0.012"/>
  <testcase name="actualizarPDRTest" classname="SGR.com.sgr.ApplicationTests" time="0.021"/>
  <testcase name="eliminarPDRTest" classname="SGR.com.sgr.ApplicationTests" time="0.026"/>
  <testcase name="crearVehiculoTest" classname="SGR.com.sgr.ApplicationTests" time="0.021"/>
  <testcase name="obtenerVehiculoTest" classname="SGR.com.sgr.ApplicationTests" time="0.01"/>
  <testcase name="actualizarVehiculoTest" classname="SGR.com.sgr.ApplicationTests" time="0.022"/>
  <testcase name="eliminarVehiculoTest" classname="SGR.com.sgr.ApplicationTests" time="0.022"/>
  <testcase name="crearTipoR" classname="SGR.com.sgr.ApplicationTests" time="0.02"/>
  <testcase name="obtenerTipoR" classname="SGR.com.sgr.ApplicationTests" time="0.014"/>
  <testcase name="actualizarTipoR" classname="SGR.com.sgr.ApplicationTests" time="0.022"/>
  <testcase name="eliminarTipoR" classname="SGR.com.sgr.ApplicationTests" time="0.018"/>
  <testcase name="crearUsuario" classname="SGR.com.sgr.ApplicationTests" time="0.018"/>
  <testcase name="obtenerUsuario" classname="SGR.com.sgr.ApplicationTests" time="0.015"/>
  <testcase name="actualizarUsuario" classname="SGR.com.sgr.ApplicationTests" time="0.023"/>
  <testcase name="eliminarUsuario" classname="SGR.com.sgr.ApplicationTests" time="0.014"/>
  <testcase name="crearRol" classname="SGR.com.sgr.ApplicationTests" time="0.016"/>
  <testcase name="obtenerRol" classname="SGR.com.sgr.ApplicationTests" time="0.01"/>
  <testcase name="actualizarRol" classname="SGR.com.sgr.ApplicationTests" time="0.023"/>
  <testcase name="eliminarRol" classname="SGR.com.sgr.ApplicationTests" time="0.018"/>
</testsuite>